<?xml version="1.0" encoding="UTF-8"?>
<!-- Generated by org.testng.reporters.JUnitReportReporter -->
<testsuite hostname="DeTranss-MacBook-Pro.local" failures="0" tests="3" name="Chethan.tests.StandaloneTest" time="120.681" errors="0" timestamp="2025-02-27T19:27:48 IST" skipped="0">
  <testcase classname="Chethan.tests.StandaloneTest" name="submitOrder" time="53.515"/>
  <system-out/>
  <testcase classname="Chethan.tests.StandaloneTest" name="submitOrder" time="40.565"/>
  <system-out/>
  <testcase classname="Chethan.tests.StandaloneTest" name="orderHistoryTest" time="26.601"/>
  <system-out/>
</testsuite> <!-- Chethan.tests.StandaloneTest -->
